Determining if the pthread_create exist failed with the following output:
Change Dir: /home/manadoona/prj/SerialROS/build/CMakeFiles/CMakeTmp

Run Build Command:"/usr/bin/make" "cmTC_a09a1/fast"
/usr/bin/make -f CMakeFiles/cmTC_a09a1.dir/build.make CMakeFiles/cmTC_a09a1.dir/build
make[1]: Entering directory '/home/manadoona/prj/SerialROS/build/CMakeFiles/CMakeTmp'
Building C object CMakeFiles/cmTC_a09a1.dir/CheckSymbolExists.c.o
/usr/bin/cc     -o CMakeFiles/cmTC_a09a1.dir/CheckSymbolExists.c.o   -c /home/manadoona/prj/SerialROS/build/CMakeFiles/CMakeTmp/CheckSymbolExists.c
Linking C executable cmTC_a09a1
/usr/bin/cmake -E cmake_link_script CMakeFiles/cmTC_a09a1.dir/link.txt --verbose=1
/usr/bin/cc       CMakeFiles/cmTC_a09a1.dir/CheckSymbolExists.c.o  -o cmTC_a09a1 -rdynamic 
CMakeFiles/cmTC_a09a1.dir/CheckSymbolExists.c.o: In function `main':
CheckSymbolExists.c:(.text+0xe): undefined reference to `pthread_create'
CheckSymbolExists.c:(.text+0x12): undefined reference to `pthread_create'
collect2: error: ld returned 1 exit status
CMakeFiles/cmTC_a09a1.dir/build.make:97: recipe for target 'cmTC_a09a1' failed
make[1]: *** [cmTC_a09a1] Error 1
make[1]: Leaving directory '/home/manadoona/prj/SerialROS/build/CMakeFiles/CMakeTmp'
Makefile:126: recipe for target 'cmTC_a09a1/fast' failed
make: *** [cmTC_a09a1/fast] Error 2

File /home/manadoona/prj/SerialROS/build/CMakeFiles/CMakeTmp/CheckSymbolExists.c:
/* */
#include <pthread.h>

int main(int argc, char** argv)
{
  (void)argv;
#ifndef pthread_create
  return ((int*)(&pthread_create))[argc];
#else
  (void)argc;
  return 0;
#endif
}

Determining if the function pthread_create exists in the pthreads failed with the following output:
Change Dir: /home/manadoona/prj/SerialROS/build/CMakeFiles/CMakeTmp

Run Build Command:"/usr/bin/make" "cmTC_6806b/fast"
/usr/bin/make -f CMakeFiles/cmTC_6806b.dir/build.make CMakeFiles/cmTC_6806b.dir/build
make[1]: Entering directory '/home/manadoona/prj/SerialROS/build/CMakeFiles/CMakeTmp'
Building C object CMakeFiles/cmTC_6806b.dir/CheckFunctionExists.c.o
/usr/bin/cc    -DCHECK_FUNCTION_EXISTS=pthread_create   -o CMakeFiles/cmTC_6806b.dir/CheckFunctionExists.c.o   -c /usr/share/cmake-3.5/Modules/CheckFunctionExists.c
Linking C executable cmTC_6806b
/usr/bin/cmake -E cmake_link_script CMakeFiles/cmTC_6806b.dir/link.txt --verbose=1
/usr/bin/cc   -DCHECK_FUNCTION_EXISTS=pthread_create    CMakeFiles/cmTC_6806b.dir/CheckFunctionExists.c.o  -o cmTC_6806b -rdynamic -lpthreads 
/usr/bin/ld: cannot find -lpthreads
collect2: error: ld returned 1 exit status
CMakeFiles/cmTC_6806b.dir/build.make:97: recipe for target 'cmTC_6806b' failed
make[1]: *** [cmTC_6806b] Error 1
make[1]: Leaving directory '/home/manadoona/prj/SerialROS/build/CMakeFiles/CMakeTmp'
Makefile:126: recipe for target 'cmTC_6806b/fast' failed
make: *** [cmTC_6806b/fast] Error 2


